[2026-04-10 13:13:35] [info] Start Program:
Path:"ctest"
Arguments:--test-dir C:\develop\ngircd\build --output-on-failure 
Working directory: not set.
Modules: Selected: * Excluded: 
Sources: Selected: C:\develop\ngircd\original\src\ngircd C:\develop\ngircd\win32\src Excluded: 
Log Level: Normal
Cover Children: 1
Aggregate by file: 1
Continue after C++ exception: 0
Optimized build support: 0
Export: cobertura C:\develop\ngircd\build\coverage.xml 
Input coverage: 
Unified diff: 
Excluded line regular expressions: 
Substitute pdb source paths: 
[2026-04-10 13:13:35] [info] Module: C:\Program Files\CMake\bin\ctest.exe is selected because it matches selected pattern: *
[2026-04-10 13:13:35] [info] Module: C:\Windows\System32\ntdll.dll is selected because it matches selected pattern: *
[2026-04-10 13:13:35] [info] Module: C:\Windows\System32\kernel32.dll is selected because it matches selected pattern: *
[2026-04-10 13:13:35] [info] Module: C:\Windows\System32\KernelBase.dll is selected because it matches selected pattern: *
[2026-04-10 13:13:35] [info] Module: C:\Windows\System32\advapi32.dll is selected because it matches selected pattern: *
[2026-04-10 13:13:35] [info] Module: C:\Windows\System32\dbghelp.dll is selected because it matches selected pattern: *
[2026-04-10 13:13:35] [info] Module: C:\Windows\System32\msvcrt.dll is selected because it matches selected pattern: *
[2026-04-10 13:13:35] [info] Module: C:\Windows\System32\bcrypt.dll is selected because it matches selected pattern: *
[2026-04-10 13:13:35] [info] Module: C:\Windows\System32\ucrtbase.dll is selected because it matches selected pattern: *
[2026-04-10 13:13:35] [info] Module: C:\Windows\System32\sechost.dll is selected because it matches selected pattern: *
[2026-04-10 13:13:35] [info] Module: C:\Windows\System32\sechost.dll is selected because it matches selected pattern: *
[2026-04-10 13:13:35] [info] Module: C:\Windows\System32\combase.dll is selected because it matches selected pattern: *
[2026-04-10 13:13:35] [info] Module: C:\Windows\System32\rpcrt4.dll is selected because it matches selected pattern: *
[2026-04-10 13:13:35] [info] Module: C:\Windows\System32\oleaut32.dll is selected because it matches selected pattern: *
[2026-04-10 13:13:35] [info] Module: C:\Windows\System32\shell32.dll is selected because it matches selected pattern: *
[2026-04-10 13:13:35] [info] Module: C:\Windows\System32\msvcp_win.dll is selected because it matches selected pattern: *
[2026-04-10 13:13:35] [info] Module: C:\Windows\System32\msvcp_win.dll is selected because it matches selected pattern: *
[2026-04-10 13:13:35] [info] Module: C:\Windows\System32\user32.dll is selected because it matches selected pattern: *
[2026-04-10 13:13:35] [info] Module: C:\Windows\System32\win32u.dll is selected because it matches selected pattern: *
[2026-04-10 13:13:35] [info] Module: C:\Windows\System32\gdi32.dll is selected because it matches selected pattern: *
[2026-04-10 13:13:35] [info] Module: C:\Windows\System32\gdi32full.dll is selected because it matches selected pattern: *
[2026-04-10 13:13:35] [info] Module: C:\Windows\System32\WinTypes.dll is selected because it matches selected pattern: *
[2026-04-10 13:13:35] [info] Module: C:\Windows\System32\ws2_32.dll is selected because it matches selected pattern: *
[2026-04-10 13:13:35] [info] Module: C:\Windows\System32\crypt32.dll is selected because it matches selected pattern: *
[2026-04-10 13:13:35] [info] Module: C:\Windows\System32\ole32.dll is selected because it matches selected pattern: *
[2026-04-10 13:13:35] [info] Module: C:\Windows\System32\cryptbase.dll is selected because it matches selected pattern: *
[2026-04-10 13:13:35] [info] Module: C:\Windows\System32\imm32.dll is selected because it matches selected pattern: *
[2026-04-10 13:13:35] [info] Module: C:\Windows\System32\SHCore.dll is selected because it matches selected pattern: *
[2026-04-10 13:13:35] [info] Module: C:\Windows\System32\powrprof.dll is selected because it matches selected pattern: *
[2026-04-10 13:13:35] [info] Module: C:\Windows\System32\umpdc.dll is selected because it matches selected pattern: *
[2026-04-10 13:13:35] [info] Module: C:\Windows\System32\uxtheme.dll is selected because it matches selected pattern: *
[2026-04-10 13:13:35] [info] Module: C:\Windows\System32\mswsock.dll is selected because it matches selected pattern: *
[2026-04-10 13:13:35] [info] Module: C:\Windows\System32\windows.storage.dll is selected because it matches selected pattern: *
[2026-04-10 13:13:35] [info] Module: C:\Windows\System32\shlwapi.dll is selected because it matches selected pattern: *
[2026-04-10 13:13:35] [info] Module: C:\Windows\System32\cryptsp.dll is selected because it matches selected pattern: *
[2026-04-10 13:13:35] [info] Module: C:\Windows\System32\rsaenh.dll is selected because it matches selected pattern: *
[2026-04-10 13:13:35] [info] Module: C:\Windows\System32\bcryptprimitives.dll is selected because it matches selected pattern: *
[2026-04-10 13:13:35] [info] Module: C:\develop\ngircd\build\module_iface_test.exe is selected because it matches selected pattern: *
[2026-04-10 13:13:35] [info] Module: C:\Windows\System32\ntdll.dll is selected because it matches selected pattern: *
[2026-04-10 13:13:35] [info] Module: C:\Windows\System32\kernel32.dll is selected because it matches selected pattern: *
[2026-04-10 13:13:35] [info] Module: C:\Windows\System32\KernelBase.dll is selected because it matches selected pattern: *
[2026-04-10 13:13:35] [info] Module: C:\Windows\System32\ucrtbase.dll is selected because it matches selected pattern: *
[2026-04-10 13:13:35] [info] Module: C:\Windows\System32\vcruntime140.dll is selected because it matches selected pattern: *
[2026-04-10 13:13:35] [info] Module: C:\Windows\System32\kernel.appcore.dll is selected because it matches selected pattern: *
[2026-04-10 13:13:35] [info] Module: C:\Windows\System32\msvcrt.dll is selected because it matches selected pattern: *
[2026-04-10 13:13:35] [info] Module: C:\develop\ngircd\build\conf_whitebox_test.exe is selected because it matches selected pattern: *
[2026-04-10 13:13:35] [info] Module: C:\Windows\System32\ntdll.dll is selected because it matches selected pattern: *
[2026-04-10 13:13:35] [info] Module: C:\Windows\System32\kernel32.dll is selected because it matches selected pattern: *
[2026-04-10 13:13:35] [info] Module: C:\Windows\System32\KernelBase.dll is selected because it matches selected pattern: *
[2026-04-10 13:13:35] [info] Module: C:\Windows\System32\ws2_32.dll is selected because it matches selected pattern: *
[2026-04-10 13:13:35] [info] Module: C:\Windows\System32\ucrtbase.dll is selected because it matches selected pattern: *
[2026-04-10 13:13:35] [info] Module: C:\Windows\System32\rpcrt4.dll is selected because it matches selected pattern: *
[2026-04-10 13:13:35] [info] Module: C:\Windows\System32\vcruntime140.dll is selected because it matches selected pattern: *
[2026-04-10 13:13:35] [info] Module: C:\Windows\System32\kernel.appcore.dll is selected because it matches selected pattern: *
[2026-04-10 13:13:35] [info] Module: C:\Windows\System32\msvcrt.dll is selected because it matches selected pattern: *
[2026-04-10 13:13:35] [info] Module: C:\develop\ngircd\build\login_state_test.exe is selected because it matches selected pattern: *
[2026-04-10 13:13:35] [info] Module: C:\Windows\System32\ntdll.dll is selected because it matches selected pattern: *
[2026-04-10 13:13:35] [info] Module: C:\Windows\System32\kernel32.dll is selected because it matches selected pattern: *
[2026-04-10 13:13:35] [info] Module: C:\Windows\System32\KernelBase.dll is selected because it matches selected pattern: *
[2026-04-10 13:13:36] [info] Module: C:\Windows\System32\ucrtbase.dll is selected because it matches selected pattern: *
[2026-04-10 13:13:36] [info] Module: C:\Windows\System32\vcruntime140.dll is selected because it matches selected pattern: *
[2026-04-10 13:13:36] [info] Module: C:\Windows\System32\kernel.appcore.dll is selected because it matches selected pattern: *
[2026-04-10 13:13:36] [info] Module: C:\Windows\System32\msvcrt.dll is selected because it matches selected pattern: *
[2026-04-10 13:13:36] [info] Module: C:\develop\ngircd\build\login_check_test.exe is selected because it matches selected pattern: *
[2026-04-10 13:13:36] [info] Module: C:\Windows\System32\ntdll.dll is selected because it matches selected pattern: *
[2026-04-10 13:13:36] [info] Module: C:\Windows\System32\kernel32.dll is selected because it matches selected pattern: *
[2026-04-10 13:13:36] [info] Module: C:\Windows\System32\KernelBase.dll is selected because it matches selected pattern: *
[2026-04-10 13:13:36] [info] Module: C:\Windows\System32\ucrtbase.dll is selected because it matches selected pattern: *
[2026-04-10 13:13:36] [info] Module: C:\Windows\System32\vcruntime140.dll is selected because it matches selected pattern: *
[2026-04-10 13:13:36] [info] Module: C:\Windows\System32\kernel.appcore.dll is selected because it matches selected pattern: *
[2026-04-10 13:13:36] [info] Module: C:\Windows\System32\msvcrt.dll is selected because it matches selected pattern: *
[2026-04-10 13:13:36] [info] Module: C:\develop\ngircd\build\join_check_test.exe is selected because it matches selected pattern: *
[2026-04-10 13:13:36] [info] Module: C:\Windows\System32\ntdll.dll is selected because it matches selected pattern: *
[2026-04-10 13:13:36] [info] Module: C:\Windows\System32\kernel32.dll is selected because it matches selected pattern: *
[2026-04-10 13:13:36] [info] Module: C:\Windows\System32\KernelBase.dll is selected because it matches selected pattern: *
[2026-04-10 13:13:36] [info] Module: C:\Windows\System32\ucrtbase.dll is selected because it matches selected pattern: *
[2026-04-10 13:13:36] [info] Module: C:\Windows\System32\vcruntime140.dll is selected because it matches selected pattern: *
[2026-04-10 13:13:36] [info] Module: C:\Windows\System32\kernel.appcore.dll is selected because it matches selected pattern: *
[2026-04-10 13:13:36] [info] Module: C:\Windows\System32\msvcrt.dll is selected because it matches selected pattern: *
[2026-04-10 13:13:36] [info] Module: C:\develop\ngircd\build\join_error_test.exe is selected because it matches selected pattern: *
[2026-04-10 13:13:36] [info] Module: C:\Windows\System32\ntdll.dll is selected because it matches selected pattern: *
[2026-04-10 13:13:36] [info] Module: C:\Windows\System32\kernel32.dll is selected because it matches selected pattern: *
[2026-04-10 13:13:36] [info] Module: C:\Windows\System32\KernelBase.dll is selected because it matches selected pattern: *
[2026-04-10 13:13:36] [info] Module: C:\Windows\System32\ucrtbase.dll is selected because it matches selected pattern: *
[2026-04-10 13:13:36] [info] Module: C:\Windows\System32\vcruntime140.dll is selected because it matches selected pattern: *
[2026-04-10 13:13:36] [info] Module: C:\Windows\System32\kernel.appcore.dll is selected because it matches selected pattern: *
[2026-04-10 13:13:36] [info] Module: C:\Windows\System32\msvcrt.dll is selected because it matches selected pattern: *
[2026-04-10 13:13:36] [info] Module: C:\develop\ngircd\build\login_flow_test.exe is selected because it matches selected pattern: *
[2026-04-10 13:13:36] [info] Module: C:\Windows\System32\ntdll.dll is selected because it matches selected pattern: *
[2026-04-10 13:13:36] [info] Module: C:\Windows\System32\kernel32.dll is selected because it matches selected pattern: *
[2026-04-10 13:13:36] [info] Module: C:\Windows\System32\KernelBase.dll is selected because it matches selected pattern: *
[2026-04-10 13:13:36] [info] Module: C:\Windows\System32\ucrtbase.dll is selected because it matches selected pattern: *
[2026-04-10 13:13:36] [info] Module: C:\Windows\System32\vcruntime140.dll is selected because it matches selected pattern: *
[2026-04-10 13:13:36] [info] Module: C:\Windows\System32\kernel.appcore.dll is selected because it matches selected pattern: *
[2026-04-10 13:13:36] [info] Module: C:\Windows\System32\msvcrt.dll is selected because it matches selected pattern: *
[2026-04-10 13:13:36] [info] Module: C:\develop\ngircd\build\nick_check_test.exe is selected because it matches selected pattern: *
[2026-04-10 13:13:36] [info] Module: C:\Windows\System32\ntdll.dll is selected because it matches selected pattern: *
[2026-04-10 13:13:36] [info] Module: C:\Windows\System32\kernel32.dll is selected because it matches selected pattern: *
[2026-04-10 13:13:36] [info] Module: C:\Windows\System32\KernelBase.dll is selected because it matches selected pattern: *
[2026-04-10 13:13:36] [info] Module: C:\Windows\System32\ucrtbase.dll is selected because it matches selected pattern: *
[2026-04-10 13:13:36] [info] Module: C:\Windows\System32\vcruntime140.dll is selected because it matches selected pattern: *
[2026-04-10 13:13:36] [info] Module: C:\Windows\System32\kernel.appcore.dll is selected because it matches selected pattern: *
[2026-04-10 13:13:36] [info] Module: C:\Windows\System32\msvcrt.dll is selected because it matches selected pattern: *
[2026-04-10 13:13:36] [info] Module: C:\develop\ngircd\build\user_check_test.exe is selected because it matches selected pattern: *
[2026-04-10 13:13:36] [info] Module: C:\Windows\System32\ntdll.dll is selected because it matches selected pattern: *
[2026-04-10 13:13:36] [info] Module: C:\Windows\System32\kernel32.dll is selected because it matches selected pattern: *
[2026-04-10 13:13:36] [info] Module: C:\Windows\System32\KernelBase.dll is selected because it matches selected pattern: *
[2026-04-10 13:13:36] [info] Module: C:\Windows\System32\ucrtbase.dll is selected because it matches selected pattern: *
[2026-04-10 13:13:36] [info] Module: C:\Windows\System32\vcruntime140.dll is selected because it matches selected pattern: *
[2026-04-10 13:13:36] [info] Module: C:\Windows\System32\kernel.appcore.dll is selected because it matches selected pattern: *
[2026-04-10 13:13:36] [info] Module: C:\Windows\System32\msvcrt.dll is selected because it matches selected pattern: *
[2026-04-10 13:13:36] [info] Module: C:\develop\ngircd\build\branch_coverage_test.exe is selected because it matches selected pattern: *
[2026-04-10 13:13:36] [info] Module: C:\Windows\System32\ntdll.dll is selected because it matches selected pattern: *
[2026-04-10 13:13:36] [info] Module: C:\Windows\System32\kernel32.dll is selected because it matches selected pattern: *
[2026-04-10 13:13:36] [info] Module: C:\Windows\System32\KernelBase.dll is selected because it matches selected pattern: *
[2026-04-10 13:13:36] [info] Module: C:\Windows\System32\ucrtbase.dll is selected because it matches selected pattern: *
[2026-04-10 13:13:36] [info] Module: C:\Windows\System32\vcruntime140.dll is selected because it matches selected pattern: *
[2026-04-10 13:13:36] [info] Module: C:\Windows\System32\kernel.appcore.dll is selected because it matches selected pattern: *
[2026-04-10 13:13:36] [info] Module: C:\Windows\System32\msvcrt.dll is selected because it matches selected pattern: *
[2026-04-10 13:13:36] [info] Module: C:\develop\ngircd\build\message_check_test.exe is selected because it matches selected pattern: *
[2026-04-10 13:13:36] [info] Module: C:\Windows\System32\ntdll.dll is selected because it matches selected pattern: *
[2026-04-10 13:13:36] [info] Module: C:\Windows\System32\kernel32.dll is selected because it matches selected pattern: *
[2026-04-10 13:13:36] [info] Module: C:\Windows\System32\KernelBase.dll is selected because it matches selected pattern: *
[2026-04-10 13:13:36] [info] Module: C:\Windows\System32\ucrtbase.dll is selected because it matches selected pattern: *
[2026-04-10 13:13:36] [info] Module: C:\Windows\System32\vcruntime140.dll is selected because it matches selected pattern: *
[2026-04-10 13:13:36] [info] Module: C:\Windows\System32\kernel.appcore.dll is selected because it matches selected pattern: *
[2026-04-10 13:13:36] [info] Module: C:\Windows\System32\msvcrt.dll is selected because it matches selected pattern: *
[2026-04-10 13:13:36] [info] Module: C:\develop\ngircd\build\log_io_resolver_test.exe is selected because it matches selected pattern: *
[2026-04-10 13:13:36] [info] Module: C:\Windows\System32\ntdll.dll is selected because it matches selected pattern: *
[2026-04-10 13:13:36] [info] Module: C:\Windows\System32\kernel32.dll is selected because it matches selected pattern: *
[2026-04-10 13:13:36] [info] Module: C:\Windows\System32\KernelBase.dll is selected because it matches selected pattern: *
[2026-04-10 13:13:36] [info] Module: C:\Windows\System32\ws2_32.dll is selected because it matches selected pattern: *
[2026-04-10 13:13:36] [info] Module: C:\Windows\System32\ucrtbase.dll is selected because it matches selected pattern: *
[2026-04-10 13:13:36] [info] Module: C:\Windows\System32\rpcrt4.dll is selected because it matches selected pattern: *
[2026-04-10 13:13:36] [info] Module: C:\Windows\System32\vcruntime140.dll is selected because it matches selected pattern: *
[2026-04-10 13:13:36] [info] Module: C:\Windows\System32\kernel.appcore.dll is selected because it matches selected pattern: *
[2026-04-10 13:13:36] [info] Module: C:\Windows\System32\msvcrt.dll is selected because it matches selected pattern: *
[2026-04-10 13:13:36] [info] Module: C:\develop\ngircd\build\ngircd.exe is selected because it matches selected pattern: *
[2026-04-10 13:13:36] [info] Module: C:\Windows\System32\ntdll.dll is selected because it matches selected pattern: *
[2026-04-10 13:13:36] [info] Module: C:\Windows\System32\kernel32.dll is selected because it matches selected pattern: *
[2026-04-10 13:13:36] [info] Module: C:\Windows\System32\KernelBase.dll is selected because it matches selected pattern: *
[2026-04-10 13:13:36] [info] Module: C:\Windows\System32\ws2_32.dll is selected because it matches selected pattern: *
[2026-04-10 13:13:36] [info] Module: C:\Windows\System32\ucrtbase.dll is selected because it matches selected pattern: *
[2026-04-10 13:13:36] [info] Module: C:\Windows\System32\rpcrt4.dll is selected because it matches selected pattern: *
[2026-04-10 13:13:36] [info] Module: C:\Windows\System32\vcruntime140.dll is selected because it matches selected pattern: *
[2026-04-10 13:13:36] [info] Module: C:\Windows\System32\kernel.appcore.dll is selected because it matches selected pattern: *
[2026-04-10 13:13:36] [info] Module: C:\Windows\System32\msvcrt.dll is selected because it matches selected pattern: *
[2026-04-10 13:13:36] [info] Module: C:\develop\ngircd\build\ngircd.exe is selected because it matches selected pattern: *
[2026-04-10 13:13:36] [info] Module: C:\Windows\System32\ntdll.dll is selected because it matches selected pattern: *
[2026-04-10 13:13:36] [info] Module: C:\Windows\System32\kernel32.dll is selected because it matches selected pattern: *
[2026-04-10 13:13:36] [info] Module: C:\Windows\System32\KernelBase.dll is selected because it matches selected pattern: *
[2026-04-10 13:13:36] [info] Module: C:\Windows\System32\ws2_32.dll is selected because it matches selected pattern: *
[2026-04-10 13:13:36] [info] Module: C:\Windows\System32\ucrtbase.dll is selected because it matches selected pattern: *
[2026-04-10 13:13:36] [info] Module: C:\Windows\System32\rpcrt4.dll is selected because it matches selected pattern: *
[2026-04-10 13:13:36] [info] Module: C:\Windows\System32\vcruntime140.dll is selected because it matches selected pattern: *
[2026-04-10 13:13:36] [info] Module: C:\Windows\System32\kernel.appcore.dll is selected because it matches selected pattern: *
[2026-04-10 13:13:36] [info] Module: C:\Windows\System32\msvcrt.dll is selected because it matches selected pattern: *
[2026-04-10 13:13:36] [info] Module: C:\develop\ngircd\build\ngircd.exe is selected because it matches selected pattern: *
[2026-04-10 13:13:36] [info] Module: C:\Windows\System32\ntdll.dll is selected because it matches selected pattern: *
[2026-04-10 13:13:36] [info] Module: C:\Windows\System32\kernel32.dll is selected because it matches selected pattern: *
[2026-04-10 13:13:36] [info] Module: C:\Windows\System32\KernelBase.dll is selected because it matches selected pattern: *
[2026-04-10 13:13:36] [info] Module: C:\Windows\System32\ws2_32.dll is selected because it matches selected pattern: *
[2026-04-10 13:13:36] [info] Module: C:\Windows\System32\ucrtbase.dll is selected because it matches selected pattern: *
[2026-04-10 13:13:36] [info] Module: C:\Windows\System32\rpcrt4.dll is selected because it matches selected pattern: *
[2026-04-10 13:13:36] [info] Module: C:\Windows\System32\vcruntime140.dll is selected because it matches selected pattern: *
[2026-04-10 13:13:36] [info] Module: C:\Windows\System32\kernel.appcore.dll is selected because it matches selected pattern: *
[2026-04-10 13:13:36] [info] Module: C:\Windows\System32\msvcrt.dll is selected because it matches selected pattern: *
[2026-04-10 13:13:36] [info] Module: C:\develop\ngircd\build\ngircd.exe is selected because it matches selected pattern: *
[2026-04-10 13:13:36] [info] Module: C:\Windows\System32\ntdll.dll is selected because it matches selected pattern: *
[2026-04-10 13:13:36] [info] Module: C:\Windows\System32\kernel32.dll is selected because it matches selected pattern: *
[2026-04-10 13:13:36] [info] Module: C:\Windows\System32\KernelBase.dll is selected because it matches selected pattern: *
[2026-04-10 13:13:36] [info] Module: C:\Windows\System32\ws2_32.dll is selected because it matches selected pattern: *
[2026-04-10 13:13:36] [info] Module: C:\Windows\System32\ucrtbase.dll is selected because it matches selected pattern: *
[2026-04-10 13:13:36] [info] Module: C:\Windows\System32\rpcrt4.dll is selected because it matches selected pattern: *
[2026-04-10 13:13:36] [info] Module: C:\Windows\System32\vcruntime140.dll is selected because it matches selected pattern: *
[2026-04-10 13:13:36] [info] Module: C:\Windows\System32\kernel.appcore.dll is selected because it matches selected pattern: *
[2026-04-10 13:13:36] [info] Module: C:\Windows\System32\msvcrt.dll is selected because it matches selected pattern: *
[2026-04-10 13:13:36] [info] Module: C:\develop\ngircd\build\ngircd.exe is selected because it matches selected pattern: *
[2026-04-10 13:13:37] [info] Module: C:\Windows\System32\ntdll.dll is selected because it matches selected pattern: *
[2026-04-10 13:13:37] [info] Module: C:\Windows\System32\kernel32.dll is selected because it matches selected pattern: *
[2026-04-10 13:13:37] [info] Module: C:\Windows\System32\KernelBase.dll is selected because it matches selected pattern: *
[2026-04-10 13:13:37] [info] Module: C:\Windows\System32\ws2_32.dll is selected because it matches selected pattern: *
[2026-04-10 13:13:37] [info] Module: C:\Windows\System32\ucrtbase.dll is selected because it matches selected pattern: *
[2026-04-10 13:13:37] [info] Module: C:\Windows\System32\rpcrt4.dll is selected because it matches selected pattern: *
[2026-04-10 13:13:37] [info] Module: C:\Windows\System32\vcruntime140.dll is selected because it matches selected pattern: *
[2026-04-10 13:13:37] [info] Module: C:\Windows\System32\kernel.appcore.dll is selected because it matches selected pattern: *
[2026-04-10 13:13:37] [info] Module: C:\Windows\System32\msvcrt.dll is selected because it matches selected pattern: *
[2026-04-10 13:13:37] [info] Module: C:\develop\ngircd\build\ngircd.exe is selected because it matches selected pattern: *
[2026-04-10 13:13:37] [info] Module: C:\Windows\System32\ntdll.dll is selected because it matches selected pattern: *
[2026-04-10 13:13:37] [info] Module: C:\Windows\System32\kernel32.dll is selected because it matches selected pattern: *
[2026-04-10 13:13:37] [info] Module: C:\Windows\System32\KernelBase.dll is selected because it matches selected pattern: *
[2026-04-10 13:13:37] [info] Module: C:\Windows\System32\ws2_32.dll is selected because it matches selected pattern: *
[2026-04-10 13:13:37] [info] Module: C:\Windows\System32\ucrtbase.dll is selected because it matches selected pattern: *
[2026-04-10 13:13:37] [info] Module: C:\Windows\System32\rpcrt4.dll is selected because it matches selected pattern: *
[2026-04-10 13:13:37] [info] Module: C:\Windows\System32\vcruntime140.dll is selected because it matches selected pattern: *
[2026-04-10 13:13:37] [info] Module: C:\Windows\System32\kernel.appcore.dll is selected because it matches selected pattern: *
[2026-04-10 13:13:37] [info] Module: C:\Windows\System32\msvcrt.dll is selected because it matches selected pattern: *
[2026-04-10 13:13:37] [info] Module: C:\develop\ngircd\build\ngircd.exe is selected because it matches selected pattern: *
[2026-04-10 13:13:37] [info] Module: C:\Windows\System32\ntdll.dll is selected because it matches selected pattern: *
[2026-04-10 13:13:37] [info] Module: C:\Windows\System32\kernel32.dll is selected because it matches selected pattern: *
[2026-04-10 13:13:37] [info] Module: C:\Windows\System32\KernelBase.dll is selected because it matches selected pattern: *
[2026-04-10 13:13:37] [info] Module: C:\Windows\System32\ws2_32.dll is selected because it matches selected pattern: *
[2026-04-10 13:13:37] [info] Module: C:\Windows\System32\ucrtbase.dll is selected because it matches selected pattern: *
[2026-04-10 13:13:37] [info] Module: C:\Windows\System32\rpcrt4.dll is selected because it matches selected pattern: *
[2026-04-10 13:13:37] [info] Module: C:\Windows\System32\vcruntime140.dll is selected because it matches selected pattern: *
[2026-04-10 13:13:37] [info] Module: C:\Windows\System32\kernel.appcore.dll is selected because it matches selected pattern: *
[2026-04-10 13:13:37] [info] Module: C:\Windows\System32\msvcrt.dll is selected because it matches selected pattern: *
[2026-04-10 13:13:37] [info] Module: C:\Windows\System32\kernel.appcore.dll is selected because it matches selected pattern: *
[2026-04-10 13:13:37] [info] ----------------------------------------------------
[2026-04-10 13:13:37] [info] Cobertura report generated: C:\develop\ngircd\build\coverage.xml
[2026-04-10 13:13:37] [info] ----------------------------------------------------
[2026-04-10 13:13:37] [info] The code coverage report is not what you expect? See the FAQ https://github.com/OpenCppCoverage/OpenCppCoverage/wiki/FAQ.
